[ 2019-09-10T10:36:10+08:00 ] ::1 /bkWEB/Public/assets/css/__PUBLIC__/assets/images/web.ico
INFO: [ app_init ] --START--
INFO: Run Behavior\BuildLiteBehavior [ RunTime:0.000019s ]
INFO: [ app_init ] --END-- [ RunTime:0.000377s ]
ERR: 无法加载模块:Public

[ 2019-09-10T10:37:08+08:00 ] ::1 /bkWEB/Public/assets/css/__PUBLIC__/assets/images/1.jpg
INFO: [ app_init ] --START--
INFO: Run Behavior\BuildLiteBehavior [ RunTime:0.000020s ]
INFO: [ app_init ] --END-- [ RunTime:0.000351s ]
ERR: 无法加载模块:Public

[ 2019-09-10T10:37:09+08:00 ] ::1 /bkWEB/Public/assets/css/__PUBLIC__/assets/images/1.jpg
INFO: [ app_init ] --START--
INFO: Run Behavior\BuildLiteBehavior [ RunTime:0.000024s ]
INFO: [ app_init ] --END-- [ RunTime:0.000395s ]
ERR: 无法加载模块:Public

[ 2019-09-10T10:37:10+08:00 ] ::1 /bkWEB/Public/assets/css/__PUBLIC__/assets/images/1.jpg
INFO: [ app_init ] --START--
INFO: Run Behavior\BuildLiteBehavior [ RunTime:0.000022s ]
INFO: [ app_init ] --END-- [ RunTime:0.000392s ]
ERR: 无法加载模块:Public

[ 2019-09-10T10:37:11+08:00 ] ::1 /bkWEB/Public/assets/css/__PUBLIC__/assets/images/1.jpg
INFO: [ app_init ] --START--
INFO: Run Behavior\BuildLiteBehavior [ RunTime:0.000024s ]
INFO: [ app_init ] --END-- [ RunTime:0.000413s ]
ERR: 无法加载模块:Public

[ 2019-09-10T10:37:26+08:00 ] ::1 /bkWEB/Public/assets/css/__PUBLIC__/assets/images/1.jpg
INFO: [ app_init ] --START--
INFO: Run Behavior\BuildLiteBehavior [ RunTime:0.000025s ]
INFO: [ app_init ] --END-- [ RunTime:0.000459s ]
ERR: 无法加载模块:Public

[ 2019-09-10T10:37:27+08:00 ] ::1 /bkWEB/Public/assets/css/__PUBLIC__/assets/images/1.jpg
INFO: [ app_init ] --START--
INFO: Run Behavior\BuildLiteBehavior [ RunTime:0.000019s ]
INFO: [ app_init ] --END-- [ RunTime:0.000357s ]
ERR: 无法加载模块:Public

[ 2019-09-10T10:37:27+08:00 ] ::1 /bkWEB/Public/assets/css/__PUBLIC__/assets/images/1.jpg
INFO: [ app_init ] --START--
INFO: Run Behavior\BuildLiteBehavior [ RunTime:0.000022s ]
INFO: [ app_init ] --END-- [ RunTime:0.000344s ]
ERR: 无法加载模块:Public

[ 2019-09-10T10:37:28+08:00 ] ::1 /bkWEB/Public/assets/css/__PUBLIC__/assets/images/1.jpg
INFO: [ app_init ] --START--
INFO: Run Behavior\BuildLiteBehavior [ RunTime:0.000021s ]
INFO: [ app_init ] --END-- [ RunTime:0.000397s ]
ERR: 无法加载模块:Public

[ 2019-09-10T10:37:28+08:00 ] ::1 /bkWEB/Public/assets/css/__PUBLIC__/assets/images/1.jpg
INFO: [ app_init ] --START--
INFO: Run Behavior\BuildLiteBehavior [ RunTime:0.000025s ]
INFO: [ app_init ] --END-- [ RunTime:0.000401s ]
ERR: 无法加载模块:Public

