[ 2019-08-15T11:21:47+08:00 ] ::1 /MyWeb/Application/Home/View/style.css
INFO: [ app_init ] --START--
INFO: Run Behavior\BuildLiteBehavior [ RunTime:0.000020s ]
INFO: [ app_init ] --END-- [ RunTime:0.000349s ]
ERR: 无法加载模块:Application

[ 2019-08-15T11:22:50+08:00 ] ::1 /MyWeb/Application/Home/View/Public/assets/css/index.css
INFO: [ app_init ] --START--
INFO: Run Behavior\BuildLiteBehavior [ RunTime:0.000030s ]
INFO: [ app_init ] --END-- [ RunTime:0.000565s ]
ERR: 无法加载模块:Application

[ 2019-08-15T11:22:50+08:00 ] ::1 /MyWeb/Application/Home/View/Public/assets/css/index.css
INFO: [ app_init ] --START--
INFO: Run Behavior\BuildLiteBehavior [ RunTime:0.000031s ]
INFO: [ app_init ] --END-- [ RunTime:0.000548s ]
ERR: 无法加载模块:Application

[ 2019-08-15T11:22:50+08:00 ] ::1 /MyWeb/Application/Home/View/Public/assets/css/index.css
INFO: [ app_init ] --START--
INFO: Run Behavior\BuildLiteBehavior [ RunTime:0.000026s ]
INFO: [ app_init ] --END-- [ RunTime:0.000437s ]
ERR: 无法加载模块:Application

[ 2019-08-15T11:22:51+08:00 ] ::1 /MyWeb/Application/Home/View/Public/assets/css/index.css
INFO: [ app_init ] --START--
INFO: Run Behavior\BuildLiteBehavior [ RunTime:0.000023s ]
INFO: [ app_init ] --END-- [ RunTime:0.000396s ]
ERR: 无法加载模块:Application

[ 2019-08-15T11:22:52+08:00 ] ::1 /MyWeb/Application/Home/View/Public/assets/css/index.css
INFO: [ app_init ] --START--
INFO: Run Behavior\BuildLiteBehavior [ RunTime:0.000038s ]
INFO: [ app_init ] --END-- [ RunTime:0.000638s ]
ERR: 无法加载模块:Application

[ 2019-08-15T11:22:52+08:00 ] ::1 /MyWeb/Application/Home/View/Public/assets/css/index.css
INFO: [ app_init ] --START--
INFO: Run Behavior\BuildLiteBehavior [ RunTime:0.000021s ]
INFO: [ app_init ] --END-- [ RunTime:0.000362s ]
ERR: 无法加载模块:Application

[ 2019-08-15T11:22:54+08:00 ] ::1 /MyWeb/Application/Home/View/Public/assets/css/index.css
INFO: [ app_init ] --START--
INFO: Run Behavior\BuildLiteBehavior [ RunTime:0.000026s ]
INFO: [ app_init ] --END-- [ RunTime:0.000457s ]
ERR: 无法加载模块:Application

[ 2019-08-15T11:22:55+08:00 ] ::1 /MyWeb/Application/Home/View/Public/assets/css/index.css
INFO: [ app_init ] --START--
INFO: Run Behavior\BuildLiteBehavior [ RunTime:0.000024s ]
INFO: [ app_init ] --END-- [ RunTime:0.000421s ]
ERR: 无法加载模块:Application

[ 2019-08-15T11:22:57+08:00 ] ::1 /MyWeb/Application/Home/View/Public/assets/css/index.css
INFO: [ app_init ] --START--
INFO: Run Behavior\BuildLiteBehavior [ RunTime:0.000032s ]
INFO: [ app_init ] --END-- [ RunTime:0.000504s ]
ERR: 无法加载模块:Application

[ 2019-08-15T16:13:48+08:00 ] ::1 /MyWeb/Application/Home/View/person.html
INFO: [ app_init ] --START--
INFO: Run Behavior\BuildLiteBehavior [ RunTime:0.000026s ]
INFO: [ app_init ] --END-- [ RunTime:0.000543s ]
ERR: 无法加载模块:Application

[ 2019-08-15T16:14:00+08:00 ] ::1 /MyWeb/Application/Public/assets/css/index.css
INFO: [ app_init ] --START--
INFO: Run Behavior\BuildLiteBehavior [ RunTime:0.000020s ]
INFO: [ app_init ] --END-- [ RunTime:0.000380s ]
ERR: 无法加载模块:Application

[ 2019-08-15T16:14:01+08:00 ] ::1 /MyWeb/Application/Public/assets/css/index.css
INFO: [ app_init ] --START--
INFO: Run Behavior\BuildLiteBehavior [ RunTime:0.000022s ]
INFO: [ app_init ] --END-- [ RunTime:0.000415s ]
ERR: 无法加载模块:Application

[ 2019-08-15T16:14:02+08:00 ] ::1 /MyWeb/Application/Public/assets/css/index.css
INFO: [ app_init ] --START--
INFO: Run Behavior\BuildLiteBehavior [ RunTime:0.000020s ]
INFO: [ app_init ] --END-- [ RunTime:0.000363s ]
ERR: 无法加载模块:Application

[ 2019-08-15T16:15:36+08:00 ] ::1 /MyWeb/Application/Public/assets/css/index.css
INFO: [ app_init ] --START--
INFO: Run Behavior\BuildLiteBehavior [ RunTime:0.000019s ]
INFO: [ app_init ] --END-- [ RunTime:0.000331s ]
ERR: 无法加载模块:Application

[ 2019-08-15T16:15:59+08:00 ] ::1 /MyWeb/Application/Public/assets/css/index.css
INFO: [ app_init ] --START--
INFO: Run Behavior\BuildLiteBehavior [ RunTime:0.000020s ]
INFO: [ app_init ] --END-- [ RunTime:0.000367s ]
ERR: 无法加载模块:Application

[ 2019-08-15T16:21:08+08:00 ] ::1 /MyWeb/Application/Home/View/Index/U('Index/other')
INFO: [ app_init ] --START--
INFO: Run Behavior\BuildLiteBehavior [ RunTime:0.000021s ]
INFO: [ app_init ] --END-- [ RunTime:0.000351s ]
ERR: 无法加载模块:Application

[ 2019-08-15T16:21:21+08:00 ] ::1 /MyWeb/Application/Home/View/Index/U('Index/other')
INFO: [ app_init ] --START--
INFO: Run Behavior\BuildLiteBehavior [ RunTime:0.000027s ]
INFO: [ app_init ] --END-- [ RunTime:0.000472s ]
ERR: 无法加载模块:Application

[ 2019-08-15T16:38:44+08:00 ] ::1 /MyWeb/Application/Home/View/Index/U('Index/other')
INFO: [ app_init ] --START--
INFO: Run Behavior\BuildLiteBehavior [ RunTime:0.000025s ]
INFO: [ app_init ] --END-- [ RunTime:0.000405s ]
ERR: 无法加载模块:Application

